<?xml version="1.0" encoding="UTF-8"?>
<robot generator="Robot 3.0.4 (Python 3.6.7 on win32)" generated="20181121 10:26:53.484">
<suite id="s1" name="Tests" source="C:\Users\Emoov\RobotCourse\first-script\tests">
<suite id="s1-s1" name="Amazon" source="C:\Users\Emoov\RobotCourse\first-script\tests\Amazon.robot">
<test id="s1-s1-t1" name="User must sign in">
<kw name="Begin Web Test" library="Common" type="setup">
<kw name="Open Browser">
<arguments>
<arg>${START_URL}</arg>
<arg>${BROWSER}</arg>
</arguments>
<msg timestamp="20181121 10:26:53.535" level="FAIL">No keyword with name 'Open Browser' found.</msg>
<status status="FAIL" starttime="20181121 10:26:53.535" endtime="20181121 10:26:53.535"></status>
</kw>
<status status="FAIL" starttime="20181121 10:26:53.533" endtime="20181121 10:26:53.535"></status>
</kw>
<kw name="End Web Test" library="Common" type="teardown">
<kw name="Close Browser">
<msg timestamp="20181121 10:26:53.537" level="FAIL">No keyword with name 'Close Browser' found.</msg>
<status status="FAIL" starttime="20181121 10:26:53.537" endtime="20181121 10:26:53.537"></status>
</kw>
<status status="FAIL" starttime="20181121 10:26:53.536" endtime="20181121 10:26:53.538">No keyword with name 'Close Browser' found.</status>
</kw>
<doc>bla bla</doc>
<tags>
<tag>Current</tag>
</tags>
<status status="FAIL" starttime="20181121 10:26:53.533" endtime="20181121 10:26:53.538" critical="yes">Setup failed:
No keyword with name 'Open Browser' found.

Also teardown failed:
No keyword with name 'Close Browser' found.</status>
</test>
<doc>This is some basic info for the whole suite</doc>
<status status="FAIL" starttime="20181121 10:26:53.508" endtime="20181121 10:26:53.540"></status>
</suite>
<status status="FAIL" starttime="20181121 10:26:53.484" endtime="20181121 10:26:53.542"></status>
</suite>
<statistics>
<total>
<stat pass="0" fail="1">Critical Tests</stat>
<stat pass="0" fail="1">All Tests</stat>
</total>
<tag>
<stat pass="0" fail="1">Current</stat>
</tag>
<suite>
<stat pass="0" fail="1" id="s1" name="Tests">Tests</stat>
<stat pass="0" fail="1" id="s1-s1" name="Amazon">Tests.Amazon</stat>
</suite>
</statistics>
<errors>
<msg timestamp="20181121 10:26:53.518" level="ERROR">Error in file 'C:\Users\Emoov\RobotCourse\first-script\Resourses\Po\ProductListPage.robot': Importing test library 'SeleniumLibrary' failed: ModuleNotFoundError: No module named 'SeleniumLibrary'
Traceback (most recent call last):
  None
PYTHONPATH:
  C:\Users\Emoov\AppData\Local\Programs\Python\Python36\python36.zip
  C:\Users\Emoov\AppData\Local\Programs\Python\Python36\DLLs
  C:\Users\Emoov\AppData\Local\Programs\Python\Python36\lib
  C:\Users\Emoov\AppData\Local\Programs\Python\Python36
  C:\Users\Emoov\AppData\Local\Programs\Python\Python36\lib\site-packages</msg>
<msg timestamp="20181121 10:26:53.518" level="ERROR">Error in file 'C:\Users\Emoov\RobotCourse\first-script\Resourses\PO\LandingPage.robot': Importing test library 'SeleniumLibrary' failed: ModuleNotFoundError: No module named 'SeleniumLibrary'
Traceback (most recent call last):
  None
PYTHONPATH:
  C:\Users\Emoov\AppData\Local\Programs\Python\Python36\python36.zip
  C:\Users\Emoov\AppData\Local\Programs\Python\Python36\DLLs
  C:\Users\Emoov\AppData\Local\Programs\Python\Python36\lib
  C:\Users\Emoov\AppData\Local\Programs\Python\Python36
  C:\Users\Emoov\AppData\Local\Programs\Python\Python36\lib\site-packages</msg>
<msg timestamp="20181121 10:26:53.524" level="ERROR">Error in file 'C:\Users\Emoov\RobotCourse\first-script\Resourses\Po\CheckoutPage.robot': Importing test library 'SeleniumLibrary' failed: ModuleNotFoundError: No module named 'SeleniumLibrary'
Traceback (most recent call last):
  None
PYTHONPATH:
  C:\Users\Emoov\AppData\Local\Programs\Python\Python36\python36.zip
  C:\Users\Emoov\AppData\Local\Programs\Python\Python36\DLLs
  C:\Users\Emoov\AppData\Local\Programs\Python\Python36\lib
  C:\Users\Emoov\AppData\Local\Programs\Python\Python36
  C:\Users\Emoov\AppData\Local\Programs\Python\Python36\lib\site-packages</msg>
<msg timestamp="20181121 10:26:53.531" level="ERROR">Error in file 'C:\Users\Emoov\RobotCourse\first-script\Resourses\Common.robot': Importing test library 'SeleniumLibrary' failed: ModuleNotFoundError: No module named 'SeleniumLibrary'
Traceback (most recent call last):
  None
PYTHONPATH:
  C:\Users\Emoov\AppData\Local\Programs\Python\Python36\python36.zip
  C:\Users\Emoov\AppData\Local\Programs\Python\Python36\DLLs
  C:\Users\Emoov\AppData\Local\Programs\Python\Python36\lib
  C:\Users\Emoov\AppData\Local\Programs\Python\Python36
  C:\Users\Emoov\AppData\Local\Programs\Python\Python36\lib\site-packages</msg>
</errors>
</robot>
